# JRE version: OpenJDK Runtime Environment (21.0.5) (build 21.0.5+-13047016-b750.29)
# Java VM: OpenJDK 64-Bit Server VM (21.0.5+-13047016-b750.29, mixed mode, tiered, compressed oops, compressed class ptrs, g1 gc, windows-amd64)
GC Precious Log:
 CardTable entry size: 512
 Card Set container configuration: InlinePtr #cards 4 size 8 Array Of Cards #cards 32 size 80 Howl #buckets 8 coarsen threshold 7372 Howl Bitmap #cards 1024 size 144 coarsen threshold 921 Card regions per heap region 1 cards per card region 8192
 CPUs: 4 total, 4 available
 Memory: 8071M
 Large Page Support: Disabled
 NUMA Support: Disabled
 Compressed Oops: Enabled (Zero based)
 Heap Region Size: 4M
 Heap Min Capacity: 8M
 Heap Initial Capacity: 128M
 Heap Max Capacity: 8G
 Pre-touch: Disabled
 Parallel Workers: 4
 Concurrent Workers: 1
 Concurrent Refinement Workers: 4
 Periodic GC: Disabled
Heap:
 garbage-first heap   total 1966080K, used 502791K [0x0000000600000000, 0x0000000800000000)
  region size 4096K, 2 young (8192K), 2 survivors (8192K)
 Metaspace       used 183311K, committed 186240K, reserved 1245184K
  class space    used 23202K, committed 24576K, reserved 1048576K
GC Heap History (20 events):
Event: 811.075 GC heap after
{Heap after GC invocations=113 (full 0):
 garbage-first heap   total 1302528K, used 466385K [0x0000000600000000, 0x0000000800000000)
  region size 4096K, 2 young (8192K), 2 survivors (8192K)
 Metaspace       used 155367K, committed 158336K, reserved 1245184K
  class space    used 20348K, committed 21760K, reserved 1048576K
}
Event: 811.092 GC heap before
{Heap before GC invocations=113 (full 0):
 garbage-first heap   total 1302528K, used 470481K [0x0000000600000000, 0x0000000800000000)
  region size 4096K, 4 young (16384K), 2 survivors (8192K)
 Metaspace       used 155367K, committed 158336K, reserved 1245184K
  class space    used 20348K, committed 21760K, reserved 1048576K
}
Event: 811.107 GC heap after
{Heap after GC invocations=114 (full 0):
 garbage-first heap   total 1966080K, used 467138K [0x0000000600000000, 0x0000000800000000)
  region size 4096K, 2 young (8192K), 2 survivors (8192K)
 Metaspace       used 155367K, committed 158336K, reserved 1245184K
  class space    used 20348K, committed 21760K, reserved 1048576K
}
Event: 875.208 GC heap before
{Heap before GC invocations=114 (full 0):
 garbage-first heap   total 1966080K, used 1368258K [0x0000000600000000, 0x0000000800000000)
  region size 4096K, 143 young (585728K), 2 survivors (8192K)
 Metaspace       used 155497K, committed 158400K, reserved 1245184K
  class space    used 20358K, committed 21760K, reserved 1048576K
}
Event: 875.221 GC heap after
{Heap after GC invocations=115 (full 0):
 garbage-first heap   total 1966080K, used 434007K [0x0000000600000000, 0x0000000800000000)
  region size 4096K, 2 young (8192K), 2 survivors (8192K)
 Metaspace       used 155497K, committed 158400K, reserved 1245184K
  class space    used 20358K, committed 21760K, reserved 1048576K
}
Event: 901.585 GC heap before
{Heap before GC invocations=115 (full 0):
 garbage-first heap   total 1966080K, used 1277783K [0x0000000600000000, 0x0000000800000000)
  region size 4096K, 195 young (798720K), 2 survivors (8192K)
 Metaspace       used 164445K, committed 167296K, reserved 1245184K
  class space    used 21213K, committed 22592K, reserved 1048576K
}
Event: 901.614 GC heap after
{Heap after GC invocations=116 (full 0):
 garbage-first heap   total 1966080K, used 440445K [0x0000000600000000, 0x0000000800000000)
  region size 4096K, 3 young (12288K), 3 survivors (12288K)
 Metaspace       used 164445K, committed 167296K, reserved 1245184K
  class space    used 21213K, committed 22592K, reserved 1048576K
}
Event: 910.111 GC heap before
{Heap before GC invocations=116 (full 0):
 garbage-first heap   total 1966080K, used 1603709K [0x0000000600000000, 0x0000000800000000)
  region size 4096K, 288 young (1179648K), 3 survivors (12288K)
 Metaspace       used 166408K, committed 169280K, reserved 1245184K
  class space    used 21406K, committed 22784K, reserved 1048576K
}
Event: 910.149 GC heap after
{Heap after GC invocations=117 (full 0):
 garbage-first heap   total 1966080K, used 446178K [0x0000000600000000, 0x0000000800000000)
  region size 4096K, 5 young (20480K), 5 survivors (20480K)
 Metaspace       used 166408K, committed 169280K, reserved 1245184K
  class space    used 21406K, committed 22784K, reserved 1048576K
}
Event: 926.445 GC heap before
{Heap before GC invocations=117 (full 0):
 garbage-first heap   total 1966080K, used 1601250K [0x0000000600000000, 0x0000000800000000)
  region size 4096K, 288 young (1179648K), 5 survivors (20480K)
 Metaspace       used 175909K, committed 178816K, reserved 1245184K
  class space    used 22625K, committed 24000K, reserved 1048576K
}
Event: 926.498 GC heap after
{Heap after GC invocations=118 (full 0):
 garbage-first heap   total 1966080K, used 456566K [0x0000000600000000, 0x0000000800000000)
  region size 4096K, 7 young (28672K), 7 survivors (28672K)
 Metaspace       used 175909K, committed 178816K, reserved 1245184K
  class space    used 22625K, committed 24000K, reserved 1048576K
}
Event: 1086.303 GC heap before
{Heap before GC invocations=118 (full 0):
 garbage-first heap   total 1966080K, used 1603446K [0x0000000600000000, 0x0000000800000000)
  region size 4096K, 288 young (1179648K), 7 survivors (28672K)
 Metaspace       used 183306K, committed 186240K, reserved 1245184K
  class space    used 23202K, committed 24576K, reserved 1048576K
}
Event: 1086.872 GC heap after
{Heap after GC invocations=119 (full 0):
 garbage-first heap   total 1966080K, used 499171K [0x0000000600000000, 0x0000000800000000)
  region size 4096K, 18 young (73728K), 18 survivors (73728K)
 Metaspace       used 183306K, committed 186240K, reserved 1245184K
  class space    used 23202K, committed 24576K, reserved 1048576K
}
Event: 1087.041 GC heap before
{Heap before GC invocations=119 (full 0):
 garbage-first heap   total 1966080K, used 523747K [0x0000000600000000, 0x0000000800000000)
  region size 4096K, 24 young (98304K), 18 survivors (73728K)
 Metaspace       used 183310K, committed 186240K, reserved 1245184K
  class space    used 23202K, committed 24576K, reserved 1048576K
}
Event: 1087.541 GC heap after
{Heap after GC invocations=120 (full 0):
 garbage-first heap   total 1966080K, used 502792K [0x0000000600000000, 0x0000000800000000)
  region size 4096K, 3 young (12288K), 3 survivors (12288K)
 Metaspace       used 183310K, committed 186240K, reserved 1245184K
  class space    used 23202K, committed 24576K, reserved 1048576K
}
Event: 1087.824 GC heap before
{Heap before GC invocations=120 (full 0):
 garbage-first heap   total 1966080K, used 601096K [0x0000000600000000, 0x0000000800000000)
  region size 4096K, 27 young (110592K), 3 survivors (12288K)
 Metaspace       used 183311K, committed 186240K, reserved 1245184K
  class space    used 23202K, committed 24576K, reserved 1048576K
}
Event: 1087.838 GC heap after
{Heap after GC invocations=121 (full 0):
 garbage-first heap   total 1966080K, used 501578K [0x0000000600000000, 0x0000000800000000)
  region size 4096K, 3 young (12288K), 3 survivors (12288K)
 Metaspace       used 183311K, committed 186240K, reserved 1245184K
  class space    used 23202K, committed 24576K, reserved 1048576K
}
Event: 1088.297 GC heap before
{Heap before GC invocations=121 (full 0):
 garbage-first heap   total 1966080K, used 665418K [0x0000000600000000, 0x0000000800000000)
  region size 4096K, 44 young (180224K), 3 survivors (12288K)
 Metaspace       used 183311K, committed 186240K, reserved 1245184K
  class space    used 23202K, committed 24576K, reserved 1048576K
}
Event: 1089.544 GC heap after
{Heap after GC invocations=122 (full 0):
 garbage-first heap   total 1966080K, used 502033K [0x0000000600000000, 0x0000000800000000)
  region size 4096K, 3 young (12288K), 3 survivors (12288K)
 Metaspace       used 183311K, committed 186240K, reserved 1245184K
  class space    used 23202K, committed 24576K, reserved 1048576K
}
Event: 1089.821 GC heap before
{Heap before GC invocations=122 (full 0):
 garbage-first heap   total 1966080K, used 583953K [0x0000000600000000, 0x0000000800000000)
  region size 4096K, 24 young (98304K), 3 survivors (12288K)
 Metaspace       used 183311K, committed 186240K, reserved 1245184K
  class space    used 23202K, committed 24576K, reserved 1048576K
}

